----------------------------------------------------------------
Tue Jan 07 21:50:28 CET 2025:
Booting Derby version The Apache Software Foundation - Apache Derby - 10.15.2.0 - (1873585): instance a816c00e-0194-4288-79a8-00000d49a2f8 
on database directory C:\Users\makky\lch_pn_1400_7\Model\src\test\GameOfLifeDBTest with class loader jdk.internal.loader.ClassLoaders$AppClassLoader@2c7b84de 
Loaded from file:/C:/Users/makky/.m2/repository/org/apache/derby/derby/10.15.2.0/derby-10.15.2.0.jar
java.vendor=Oracle Corporation
java.runtime.version=23.0.1+11-39
user.dir=C:\Users\makky\lch_pn_1400_7\Model
os.name=Windows 11
os.arch=amd64
os.version=10.0
derby.system.home=null
Database Class Loader started - derby.database.classpath=''
----------------------------------------------------------------
Tue Jan 07 21:50:29 CET 2025:
Booting Derby version The Apache Software Foundation - Apache Derby - 10.15.2.0 - (1873585): instance 48d7402a-0194-4288-79a8-00000d49a2f8 
on database directory C:\Users\makky\lch_pn_1400_7\Model\src\test\GameOfLifeDBTest1 with class loader jdk.internal.loader.ClassLoaders$AppClassLoader@2c7b84de 
Loaded from file:/C:/Users/makky/.m2/repository/org/apache/derby/derby/10.15.2.0/derby-10.15.2.0.jar
java.vendor=Oracle Corporation
java.runtime.version=23.0.1+11-39
user.dir=C:\Users\makky\lch_pn_1400_7\Model
os.name=Windows 11
os.arch=amd64
os.version=10.0
derby.system.home=null
Database Class Loader started - derby.database.classpath=''
